<?xml version="1.0" encoding="UTF-8"?>
<testsuite xmlns:xsi="http://www.w3.org/2001/XMLSchema-instance" xsi:noNamespaceSchemaLocation="https://maven.apache.org/surefire/maven-surefire-plugin/xsd/surefire-test-report-3.0.xsd" version="3.0" name="at.tuwien.swtesting.RingBufferModelTest" time="0.234" tests="1" errors="0" skipped="0" failures="0">
  <properties>
    <property name="java.specification.version" value="17"/>
    <property name="sun.jnu.encoding" value="UTF-8"/>
    <property name="java.class.path" value="/Users/dominikpichler/Documents/Uni/TU_Wien/Business Process Management/MSc. Business Informatics/Software Testing/Exercise03/01-RingBufferModelBasedTest/target/test-classes:/Users/dominikpichler/Documents/Uni/TU_Wien/Business Process Management/MSc. Business Informatics/Software Testing/Exercise03/01-RingBufferModelBasedTest/target/classes:/Users/dominikpichler/.m2/repository/org/junit/jupiter/junit-jupiter-engine/5.10.2/junit-jupiter-engine-5.10.2.jar:/Users/dominikpichler/.m2/repository/org/junit/platform/junit-platform-engine/1.10.2/junit-platform-engine-1.10.2.jar:/Users/dominikpichler/.m2/repository/org/apiguardian/apiguardian-api/1.1.2/apiguardian-api-1.1.2.jar:/Users/dominikpichler/.m2/repository/org/junit/jupiter/junit-jupiter-api/5.10.2/junit-jupiter-api-5.10.2.jar:/Users/dominikpichler/.m2/repository/org/opentest4j/opentest4j/1.3.0/opentest4j-1.3.0.jar:/Users/dominikpichler/.m2/repository/org/junit/platform/junit-platform-commons/1.10.2/junit-platform-commons-1.10.2.jar:/Users/dominikpichler/.m2/repository/nz/ac/waikato/modeljunit/modeljunit/2.5/modeljunit-2.5.jar:/Users/dominikpichler/.m2/repository/asm/asm/3.1/asm-3.1.jar:/Users/dominikpichler/.m2/repository/net/sf/jung/jung-algorithms/2.0.1/jung-algorithms-2.0.1.jar:/Users/dominikpichler/.m2/repository/net/sourceforge/collections/collections-generic/4.01/collections-generic-4.01.jar:/Users/dominikpichler/.m2/repository/colt/colt/1.2.0/colt-1.2.0.jar:/Users/dominikpichler/.m2/repository/concurrent/concurrent/1.3.4/concurrent-1.3.4.jar:/Users/dominikpichler/.m2/repository/net/sf/jung/jung-api/2.0.1/jung-api-2.0.1.jar:/Users/dominikpichler/.m2/repository/net/sf/jung/jung-graph-impl/2.0.1/jung-graph-impl-2.0.1.jar:/Users/dominikpichler/.m2/repository/net/sf/jung/jung-io/2.0.1/jung-io-2.0.1.jar:/Users/dominikpichler/.m2/repository/org/codehaus/woodstox/wstx-asl/3.2.6/wstx-asl-3.2.6.jar:/Users/dominikpichler/.m2/repository/stax/stax-api/1.0.1/stax-api-1.0.1.jar:/Users/dominikpichler/.m2/repository/net/sf/jung/jung-jai/2.0.1/jung-jai-2.0.1.jar:/Users/dominikpichler/.m2/repository/net/sf/jung/jung-visualization/2.0.1/jung-visualization-2.0.1.jar:/Users/dominikpichler/.m2/repository/junit/junit/4.4/junit-4.4.jar:/Users/dominikpichler/.m2/repository/org/uispec4j/uispec4j/2.4/uispec4j-2.4-jdk16.jar:"/>
    <property name="java.vm.vendor" value="Oracle Corporation"/>
    <property name="sun.arch.data.model" value="64"/>
    <property name="java.vendor.url" value="https://java.oracle.com/"/>
    <property name="os.name" value="Mac OS X"/>
    <property name="java.vm.specification.version" value="17"/>
    <property name="sun.java.launcher" value="SUN_STANDARD"/>
    <property name="user.country" value="AT"/>
    <property name="sun.boot.library.path" value="/Users/dominikpichler/.sdkman/candidates/java/17.0.1-open/lib"/>
    <property name="sun.java.command" value="/Users/dominikpichler/Documents/Uni/TU_Wien/Business Process Management/MSc. Business Informatics/Software Testing/Exercise03/01-RingBufferModelBasedTest/target/surefire/surefirebooter-20240623220134173_3.jar /Users/dominikpichler/Documents/Uni/TU_Wien/Business Process Management/MSc. Business Informatics/Software Testing/Exercise03/01-RingBufferModelBasedTest/target/surefire 2024-06-23T22-01-33_982-jvmRun1 surefire-20240623220134173_1tmp surefire_0-20240623220134173_2tmp"/>
    <property name="http.nonProxyHosts" value="local|*.local|169.254/16|*.169.254/16"/>
    <property name="jdk.debug" value="release"/>
    <property name="surefire.test.class.path" value="/Users/dominikpichler/Documents/Uni/TU_Wien/Business Process Management/MSc. Business Informatics/Software Testing/Exercise03/01-RingBufferModelBasedTest/target/test-classes:/Users/dominikpichler/Documents/Uni/TU_Wien/Business Process Management/MSc. Business Informatics/Software Testing/Exercise03/01-RingBufferModelBasedTest/target/classes:/Users/dominikpichler/.m2/repository/org/junit/jupiter/junit-jupiter-engine/5.10.2/junit-jupiter-engine-5.10.2.jar:/Users/dominikpichler/.m2/repository/org/junit/platform/junit-platform-engine/1.10.2/junit-platform-engine-1.10.2.jar:/Users/dominikpichler/.m2/repository/org/apiguardian/apiguardian-api/1.1.2/apiguardian-api-1.1.2.jar:/Users/dominikpichler/.m2/repository/org/junit/jupiter/junit-jupiter-api/5.10.2/junit-jupiter-api-5.10.2.jar:/Users/dominikpichler/.m2/repository/org/opentest4j/opentest4j/1.3.0/opentest4j-1.3.0.jar:/Users/dominikpichler/.m2/repository/org/junit/platform/junit-platform-commons/1.10.2/junit-platform-commons-1.10.2.jar:/Users/dominikpichler/.m2/repository/nz/ac/waikato/modeljunit/modeljunit/2.5/modeljunit-2.5.jar:/Users/dominikpichler/.m2/repository/asm/asm/3.1/asm-3.1.jar:/Users/dominikpichler/.m2/repository/net/sf/jung/jung-algorithms/2.0.1/jung-algorithms-2.0.1.jar:/Users/dominikpichler/.m2/repository/net/sourceforge/collections/collections-generic/4.01/collections-generic-4.01.jar:/Users/dominikpichler/.m2/repository/colt/colt/1.2.0/colt-1.2.0.jar:/Users/dominikpichler/.m2/repository/concurrent/concurrent/1.3.4/concurrent-1.3.4.jar:/Users/dominikpichler/.m2/repository/net/sf/jung/jung-api/2.0.1/jung-api-2.0.1.jar:/Users/dominikpichler/.m2/repository/net/sf/jung/jung-graph-impl/2.0.1/jung-graph-impl-2.0.1.jar:/Users/dominikpichler/.m2/repository/net/sf/jung/jung-io/2.0.1/jung-io-2.0.1.jar:/Users/dominikpichler/.m2/repository/org/codehaus/woodstox/wstx-asl/3.2.6/wstx-asl-3.2.6.jar:/Users/dominikpichler/.m2/repository/stax/stax-api/1.0.1/stax-api-1.0.1.jar:/Users/dominikpichler/.m2/repository/net/sf/jung/jung-jai/2.0.1/jung-jai-2.0.1.jar:/Users/dominikpichler/.m2/repository/net/sf/jung/jung-visualization/2.0.1/jung-visualization-2.0.1.jar:/Users/dominikpichler/.m2/repository/junit/junit/4.4/junit-4.4.jar:/Users/dominikpichler/.m2/repository/org/uispec4j/uispec4j/2.4/uispec4j-2.4-jdk16.jar:"/>
    <property name="sun.cpu.endian" value="little"/>
    <property name="user.home" value="/Users/dominikpichler"/>
    <property name="user.language" value="en"/>
    <property name="java.specification.vendor" value="Oracle Corporation"/>
    <property name="java.version.date" value="2021-10-19"/>
    <property name="java.home" value="/Users/dominikpichler/.sdkman/candidates/java/17.0.1-open"/>
    <property name="file.separator" value="/"/>
    <property name="basedir" value="/Users/dominikpichler/Documents/Uni/TU_Wien/Business Process Management/MSc. Business Informatics/Software Testing/Exercise03/01-RingBufferModelBasedTest"/>
    <property name="java.vm.compressedOopsMode" value="Zero based"/>
    <property name="line.separator" value="&#10;"/>
    <property name="java.specification.name" value="Java Platform API Specification"/>
    <property name="java.vm.specification.vendor" value="Oracle Corporation"/>
    <property name="surefire.real.class.path" value="/Users/dominikpichler/Documents/Uni/TU_Wien/Business Process Management/MSc. Business Informatics/Software Testing/Exercise03/01-RingBufferModelBasedTest/target/surefire/surefirebooter-20240623220134173_3.jar"/>
    <property name="sun.management.compiler" value="HotSpot 64-Bit Tiered Compilers"/>
    <property name="ftp.nonProxyHosts" value="local|*.local|169.254/16|*.169.254/16"/>
    <property name="java.runtime.version" value="17.0.1+12-39"/>
    <property name="user.name" value="dominikpichler"/>
    <property name="path.separator" value=":"/>
    <property name="os.version" value="13.3.1"/>
    <property name="java.runtime.name" value="OpenJDK Runtime Environment"/>
    <property name="file.encoding" value="UTF-8"/>
    <property name="java.vm.name" value="OpenJDK 64-Bit Server VM"/>
    <property name="localRepository" value="/Users/dominikpichler/.m2/repository"/>
    <property name="java.vendor.url.bug" value="https://bugreport.java.com/bugreport/"/>
    <property name="java.io.tmpdir" value="/var/folders/d2/jkwt52_n7kv66n_lj3trvtxw0000gn/T/"/>
    <property name="java.version" value="17.0.1"/>
    <property name="user.dir" value="/Users/dominikpichler/Documents/Uni/TU_Wien/Business Process Management/MSc. Business Informatics/Software Testing/Exercise03/01-RingBufferModelBasedTest"/>
    <property name="os.arch" value="x86_64"/>
    <property name="java.vm.specification.name" value="Java Virtual Machine Specification"/>
    <property name="native.encoding" value="UTF-8"/>
    <property name="java.library.path" value="/Users/dominikpichler/Library/Java/Extensions:/Library/Java/Extensions:/Network/Library/Java/Extensions:/System/Library/Java/Extensions:/usr/lib/java:."/>
    <property name="java.vm.info" value="mixed mode, sharing"/>
    <property name="java.vendor" value="Oracle Corporation"/>
    <property name="java.vm.version" value="17.0.1+12-39"/>
    <property name="sun.io.unicode.encoding" value="UnicodeBig"/>
    <property name="socksNonProxyHosts" value="local|*.local|169.254/16|*.169.254/16"/>
    <property name="java.class.version" value="61.0"/>
  </properties>
  <testcase name="testModelOnly" classname="at.tuwien.swtesting.RingBufferModelTest" time="0.187">
    <system-out><![CDATA[done (EMPTY, peek, EMPTY)
done (EMPTY, peek, EMPTY)
done (EMPTY, peek, EMPTY)
done (EMPTY, peek, EMPTY)
done (EMPTY, peek, EMPTY)
done (EMPTY, peek, EMPTY)
done (EMPTY, peek, EMPTY)
done (EMPTY, peek, EMPTY)
done (EMPTY, peek, EMPTY)
done (EMPTY, peek, EMPTY)
state coverage: 1/1
transition coverage: 1/1
]]></system-out>
  </testcase>
</testsuite>